🚀 Serveur EcoleDirecte API démarré sur http://localhost:3001
Ouvrez http://localhost:3001 dans votre navigateur
📌 Récupération du token GTK...
✅ Token GTK obtenu depuis les cookies
🔐 Tentative de connexion...
✅ Connexion réussie!
👤 Utilisateur: Even HENRI
📖 Récupération du cahier de texte (2025-12-29)...
✅ Cahier de texte: 0 matières
📖 Récupération du cahier de texte (2025-12-29)...
✅ Cahier de texte: 0 matières
📖 Récupération du cahier de texte (2025-12-30)...
📖 Récupération du cahier de texte (2025-12-31)...
✅ Cahier de texte: 0 matières
✅ Cahier de texte: 0 matières
📖 Récupération du cahier de texte (2026-01-01)...
📖 Récupération du cahier de texte (2026-01-02)...
📖 Récupération du cahier de texte (2026-01-03)...
📖 Récupération du cahier de texte (2026-01-04)...
📖 Récupération du cahier de texte (2026-01-05)...
📖 Récupération du cahier de texte (2026-01-06)...
✅ Cahier de texte: 0 matières
📖 Récupération du cahier de texte (2026-01-07)...
✅ Cahier de texte: 1 matières
📖 Récupération du cahier de texte (2026-01-08)...
✅ Cahier de texte: 0 matières
📖 Récupération du cahier de texte (2026-01-09)...
✅ Cahier de texte: 0 matières
📖 Récupération du cahier de texte (2026-01-10)...
✅ Cahier de texte: 1 matières
📖 Récupération du cahier de texte (2026-01-11)...
✅ Cahier de texte: 0 matières
📖 Récupération du cahier de texte (2026-01-12)...
✅ Cahier de texte: 0 matières
✅ Cahier de texte: 0 matières
✅ Cahier de texte: 0 matières
✅ Cahier de texte: 0 matières
✅ Cahier de texte: 1 matières
✅ Cahier de texte: 0 matières
📖 Récupération du cahier de texte (2025-11-14)...
📖 Récupération du cahier de texte (2025-11-15)...
📖 Récupération du cahier de texte (2025-11-16)...
📖 Récupération du cahier de texte (2025-11-17)...
📖 Récupération du cahier de texte (2025-11-18)...
📖 Récupération du cahier de texte (2025-11-19)...
✅ Cahier de texte: 0 matières
📖 Récupération du cahier de texte (2025-11-20)...
✅ Cahier de texte: 0 matières
📖 Récupération du cahier de texte (2025-11-21)...
✅ Cahier de texte: 2 matières
📖 Récupération du cahier de texte (2025-11-22)...
✅ Cahier de texte: 1 matières
📖 Récupération du cahier de texte (2025-11-23)...
✅ Cahier de texte: 2 matières
📖 Récupération du cahier de texte (2025-11-24)...
✅ Cahier de texte: 1 matières
📖 Récupération du cahier de texte (2025-11-25)...
✅ Cahier de texte: 2 matières
📖 Récupération du cahier de texte (2025-11-26)...
✅ Cahier de texte: 0 matières
📖 Récupération du cahier de texte (2025-11-27)...
✅ Cahier de texte: 3 matières
📖 Récupération du cahier de texte (2025-11-28)...
✅ Cahier de texte: 0 matières
📖 Récupération du cahier de texte (2025-11-29)...
✅ Cahier de texte: 5 matières
📖 Récupération du cahier de texte (2025-11-30)...
✅ Cahier de texte: 0 matières
📖 Récupération du cahier de texte (2025-12-01)...
✅ Cahier de texte: 2 matières
📖 Récupération du cahier de texte (2025-12-02)...
✅ Cahier de texte: 0 matières
📖 Récupération du cahier de texte (2025-12-03)...
✅ Cahier de texte: 1 matières
📖 Récupération du cahier de texte (2025-12-04)...
✅ Cahier de texte: 0 matières
📖 Récupération du cahier de texte (2025-12-05)...
✅ Cahier de texte: 1 matières
📖 Récupération du cahier de texte (2025-12-06)...
✅ Cahier de texte: 3 matières
📖 Récupération du cahier de texte (2025-12-07)...
✅ Cahier de texte: 2 matières
📖 Récupération du cahier de texte (2025-12-08)...
✅ Cahier de texte: 5 matières
📖 Récupération du cahier de texte (2025-12-09)...
✅ Cahier de texte: 0 matières
📖 Récupération du cahier de texte (2025-12-10)...
✅ Cahier de texte: 0 matières
📖 Récupération du cahier de texte (2025-12-11)...
✅ Cahier de texte: 4 matières
📖 Récupération du cahier de texte (2025-12-12)...
✅ Cahier de texte: 2 matières
📖 Récupération du cahier de texte (2025-12-13)...
✅ Cahier de texte: 1 matières
📖 Récupération du cahier de texte (2025-12-14)...
✅ Cahier de texte: 1 matières
📖 Récupération du cahier de texte (2025-12-15)...
✅ Cahier de texte: 1 matières
📖 Récupération du cahier de texte (2025-12-16)...
✅ Cahier de texte: 3 matières
📖 Récupération du cahier de texte (2025-12-17)...
✅ Cahier de texte: 0 matières
📖 Récupération du cahier de texte (2025-12-18)...
✅ Cahier de texte: 3 matières
📖 Récupération du cahier de texte (2025-12-19)...
✅ Cahier de texte: 0 matières
📖 Récupération du cahier de texte (2025-12-20)...
✅ Cahier de texte: 2 matières
📖 Récupération du cahier de texte (2025-12-21)...
✅ Cahier de texte: 1 matières
📖 Récupération du cahier de texte (2025-12-22)...
✅ Cahier de texte: 0 matières
📖 Récupération du cahier de texte (2025-12-23)...
✅ Cahier de texte: 0 matières
📖 Récupération du cahier de texte (2025-12-24)...
✅ Cahier de texte: 0 matières
📖 Récupération du cahier de texte (2025-12-25)...
✅ Cahier de texte: 0 matières
📖 Récupération du cahier de texte (2025-12-26)...
✅ Cahier de texte: 2 matières
📖 Récupération du cahier de texte (2025-12-27)...
✅ Cahier de texte: 5 matières
📖 Récupération du cahier de texte (2025-12-28)...
✅ Cahier de texte: 0 matières
✅ Cahier de texte: 0 matières
✅ Cahier de texte: 0 matières
✅ Cahier de texte: 0 matières
✅ Cahier de texte: 0 matières
✅ Cahier de texte: 0 matières
